0 info it worked if it ends with ok
1 verbose cli [ 'C:\\Program Files\\nodejs\\node.exe',
1 verbose cli   'C:\\Program Files\\nodejs\\node_modules\\npm\\bin\\npm-cli.js',
1 verbose cli   'install',
1 verbose cli   'ngCordova',
1 verbose cli   '--save' ]
2 info using npm@2.15.1
3 info using node@v4.4.3
4 verbose install initial load of C:\src\GearPass\Frontend\package.json
5 warn package.json ionic-project@1.1.1 No repository field.
6 warn package.json ionic-project@1.1.1 No license field.
7 verbose installManyTop reading scoped package data from C:\src\GearPass\Frontend\node_modules\bower\package.json
8 verbose installManyTop reading scoped package data from C:\src\GearPass\Frontend\node_modules\gulp\package.json
9 verbose installManyTop reading scoped package data from C:\src\GearPass\Frontend\node_modules\gulp-concat\package.json
10 verbose installManyTop reading scoped package data from C:\src\GearPass\Frontend\node_modules\gulp-minify-css\package.json
11 verbose installManyTop reading scoped package data from C:\src\GearPass\Frontend\node_modules\gulp-rename\package.json
12 verbose installManyTop reading scoped package data from C:\src\GearPass\Frontend\node_modules\gulp-sass\package.json
13 verbose installManyTop reading scoped package data from C:\src\GearPass\Frontend\node_modules\gulp-util\package.json
14 verbose installManyTop reading scoped package data from C:\src\GearPass\Frontend\node_modules\ng-resource\package.json
15 verbose installManyTop reading scoped package data from C:\src\GearPass\Frontend\node_modules\shelljs\package.json
16 info package.json gulp-minify-css@0.3.13 No license field.
17 info package.json gulp-rename@1.2.2 No license field.
18 info package.json gulp-util@2.2.20 No license field.
19 info package.json shelljs@0.3.0 license should be a valid SPDX license expression
20 verbose readDependencies loading dependencies from C:\src\GearPass\Frontend\package.json
21 silly cache add args [ 'ngCordova', null ]
22 verbose cache add spec ngCordova
23 silly cache add parsed spec Result {
23 silly cache add   raw: 'ngCordova',
23 silly cache add   scope: null,
23 silly cache add   name: 'ngCordova',
23 silly cache add   rawSpec: '',
23 silly cache add   spec: 'latest',
23 silly cache add   type: 'tag' }
24 silly addNamed ngCordova@latest
25 verbose addNamed "latest" is being treated as a dist-tag for ngCordova
26 info addNameTag [ 'ngCordova', 'latest' ]
27 silly mapToRegistry name ngCordova
28 silly mapToRegistry using default registry
29 silly mapToRegistry registry https://registry.npmjs.org/
30 silly mapToRegistry data Result {
30 silly mapToRegistry   raw: 'ngCordova',
30 silly mapToRegistry   scope: null,
30 silly mapToRegistry   name: 'ngCordova',
30 silly mapToRegistry   rawSpec: '',
30 silly mapToRegistry   spec: 'latest',
30 silly mapToRegistry   type: 'tag' }
31 silly mapToRegistry uri https://registry.npmjs.org/ngCordova
32 verbose addNameTag registry:https://registry.npmjs.org/ngCordova not in flight; fetching
33 verbose request uri https://registry.npmjs.org/ngCordova
34 verbose request no auth needed
35 info attempt registry request try #1 at 9:08:25 PM
36 verbose request id b39d92a870c9eef3
37 http request GET https://registry.npmjs.org/ngCordova
38 http 404 https://registry.npmjs.org/ngCordova
39 verbose headers { 'content-type': 'application/json',
39 verbose headers   'cache-control': 'max-age=0',
39 verbose headers   'content-length': '2',
39 verbose headers   'accept-ranges': 'bytes',
39 verbose headers   date: 'Mon, 20 Jun 2016 04:08:28 GMT',
39 verbose headers   via: '1.1 varnish',
39 verbose headers   age: '0',
39 verbose headers   connection: 'keep-alive',
39 verbose headers   'x-served-by': 'cache-lax1439-LAX',
39 verbose headers   'x-cache': 'MISS',
39 verbose headers   'x-cache-hits': '0',
39 verbose headers   'x-timer': 'S1466395707.998031,VS0,VE108',
39 verbose headers   vary: 'Accept-Encoding' }
40 silly get cb [ 404,
40 silly get   { 'content-type': 'application/json',
40 silly get     'cache-control': 'max-age=0',
40 silly get     'content-length': '2',
40 silly get     'accept-ranges': 'bytes',
40 silly get     date: 'Mon, 20 Jun 2016 04:08:28 GMT',
40 silly get     via: '1.1 varnish',
40 silly get     age: '0',
40 silly get     connection: 'keep-alive',
40 silly get     'x-served-by': 'cache-lax1439-LAX',
40 silly get     'x-cache': 'MISS',
40 silly get     'x-cache-hits': '0',
40 silly get     'x-timer': 'S1466395707.998031,VS0,VE108',
40 silly get     vary: 'Accept-Encoding' } ]
41 verbose stack Error: Registry returned 404 for GET on https://registry.npmjs.org/ngCordova
41 verbose stack     at makeError (C:\Program Files\nodejs\node_modules\npm\node_modules\npm-registry-client\lib\request.js:264:12)
41 verbose stack     at CachingRegistryClient.<anonymous> (C:\Program Files\nodejs\node_modules\npm\node_modules\npm-registry-client\lib\request.js:242:14)
41 verbose stack     at Request._callback (C:\Program Files\nodejs\node_modules\npm\node_modules\npm-registry-client\lib\request.js:172:14)
41 verbose stack     at Request.self.callback (C:\Program Files\nodejs\node_modules\npm\node_modules\request\request.js:199:22)
41 verbose stack     at emitTwo (events.js:87:13)
41 verbose stack     at Request.emit (events.js:172:7)
41 verbose stack     at Request.<anonymous> (C:\Program Files\nodejs\node_modules\npm\node_modules\request\request.js:1036:10)
41 verbose stack     at emitOne (events.js:82:20)
41 verbose stack     at Request.emit (events.js:169:7)
41 verbose stack     at IncomingMessage.<anonymous> (C:\Program Files\nodejs\node_modules\npm\node_modules\request\request.js:963:12)
42 verbose statusCode 404
43 verbose pkgid ngCordova
44 verbose cwd C:\src\GearPass\Frontend
45 error Windows_NT 10.0.10586
46 error argv "C:\\Program Files\\nodejs\\node.exe" "C:\\Program Files\\nodejs\\node_modules\\npm\\bin\\npm-cli.js" "install" "ngCordova" "--save"
47 error node v4.4.3
48 error npm  v2.15.1
49 error code E404
50 error 404 Registry returned 404 for GET on https://registry.npmjs.org/ngCordova
50 error 404
50 error 404 'ngCordova' is not in the npm registry.
50 error 404 Your package name is not valid, because
50 error 404
50 error 404  1. name can no longer contain capital letters
50 error 404 It was specified as a dependency of 'ionic-project'
50 error 404
50 error 404 Note that you can also install from a
50 error 404 tarball, folder, http url, or git url.
51 verbose exit [ 1, true ]
